<?xml version="1.0" encoding="UTF-8"?>
<!-- Generated by org.testng.reporters.JUnitXMLReporter -->
<testsuite ignored="0" hostname="Navneet-PC" failures="0" tests="3" name="Surefire test" time="0.026" errors="0" timestamp="24 Apr. 2020 04:30:50 GMT">
  <testcase classname="TestCases.AppiumTest" name="delete" time="0.004"/>
  <testcase classname="TestCases.SeleniumTest" name="login" time="0.0"/>
  <testcase classname="TestCases.SeleniumTest" name="openbrowse" time="0.001"/>
</testsuite> <!-- Surefire test -->
