<?xml version="1.0" encoding="UTF-8"?>
<testng-results ignored="0" total="3" passed="3" failed="0" skipped="0">
  <reporter-output>
  </reporter-output>
  <suite started-at="2020-04-24T04:57:59Z" name="Suite" finished-at="2020-04-24T04:57:59Z" duration-ms="23">
    <groups>
    </groups>
    <test started-at="2020-04-24T04:57:59Z" name="Test" finished-at="2020-04-24T04:57:59Z" duration-ms="23">
      <class name="TestCases.SeleniumTest">
        <test-method signature="login()[pri:0, instance:TestCases.SeleniumTest@6d3c5255]" started-at="2020-04-24T04:57:59Z" name="login" finished-at="2020-04-24T04:57:59Z" duration-ms="5" status="PASS">
          <reporter-output>
          </reporter-output>
        </test-method> <!-- login -->
        <test-method signature="openbrowse()[pri:0, instance:TestCases.SeleniumTest@6d3c5255]" started-at="2020-04-24T04:57:59Z" name="openbrowse" finished-at="2020-04-24T04:57:59Z" duration-ms="0" status="PASS">
          <reporter-output>
          </reporter-output>
        </test-method> <!-- openbrowse -->
      </class> <!-- TestCases.SeleniumTest -->
      <class name="TestCases.AppiumTest">
        <test-method signature="delete()[pri:0, instance:TestCases.AppiumTest@b1712f3]" started-at="2020-04-24T04:57:59Z" name="delete" finished-at="2020-04-24T04:57:59Z" duration-ms="1" status="PASS">
          <reporter-output>
          </reporter-output>
        </test-method> <!-- delete -->
      </class> <!-- TestCases.AppiumTest -->
    </test> <!-- Test -->
  </suite> <!-- Suite -->
</testng-results>
